[2018-01-24 02:35:14] request.INFO: Matched route "admin_module_catalog". {"route_parameters":{"_controller":"PrestaShopBundle\\Controller\\Admin\\ModuleController::catalogAction","_legacy_controller":"AdminModules","_route":"admin_module_catalog"},"request_uri":"http://localhost/jms_fluent/admin367i0kovu/index.php/module/catalog?_token=cTr862YJQVgXgRITrrFlynfUhP6dTBeOU3QuzFKJEBc"} []
[2018-01-24 02:35:14] security.INFO: Populated the TokenStorage with an anonymous Token. [] []
[2018-01-24 02:35:19] app.ERROR: Data from PrestaShop Addons is invalid, and cannot fallback on cache.  {"exception":"cURL error 28: Operation timed out after 5008 milliseconds with 116865 bytes received"} []
[2018-01-24 02:35:20] security.DEBUG: Stored the security token in the session. {"key":"_security_main"} []
[2018-01-24 02:35:22] request.INFO: Matched route "admin_module_catalog_refresh". {"route_parameters":{"category":null,"keyword":null,"_controller":"PrestaShopBundle\\Controller\\Admin\\ModuleController::refreshCatalogAction","_legacy_controller":"AdminModules","_route":"admin_module_catalog_refresh"},"request_uri":"http://localhost/jms_fluent/admin367i0kovu/index.php/module/catalog/refresh?_token=cTr862YJQVgXgRITrrFlynfUhP6dTBeOU3QuzFKJEBc"} []
[2018-01-24 02:35:22] security.DEBUG: Read existing security token from the session. {"key":"_security_main"} []
[2018-01-24 02:35:22] security.DEBUG: User was reloaded from a user provider. {"username":"admin@admin.com","provider":"PrestaShopBundle\\Security\\Admin\\EmployeeProvider"} []
[2018-01-24 02:35:27] app.ERROR: Data from PrestaShop Addons is invalid, and cannot fallback on cache.  {"exception":"cURL error 28: Operation timed out after 5008 milliseconds with 125929 bytes received"} []
[2018-01-24 02:35:31] security.DEBUG: Stored the security token in the session. {"key":"_security_main"} []
[2018-01-24 02:35:23] request.INFO: Matched route "admin_module_manage". {"route_parameters":{"category":null,"keyword":null,"_controller":"PrestaShopBundle\\Controller\\Admin\\ModuleController::manageAction","_legacy_controller":"AdminModules","_route":"admin_module_manage"},"request_uri":"http://localhost/jms_fluent/admin367i0kovu/index.php/module/manage?_token=cTr862YJQVgXgRITrrFlynfUhP6dTBeOU3QuzFKJEBc"} []
[2018-01-24 02:35:31] security.DEBUG: Read existing security token from the session. {"key":"_security_main"} []
[2018-01-24 02:35:31] security.DEBUG: User was reloaded from a user provider. {"username":"admin@admin.com","provider":"PrestaShopBundle\\Security\\Admin\\EmployeeProvider"} []
[2018-01-24 02:35:36] app.ERROR: Data from PrestaShop Addons is invalid, and cannot fallback on cache.  {"exception":"cURL error 28: Operation timed out after 5008 milliseconds with 192824 bytes received"} []
[2018-01-24 02:35:37] security.DEBUG: Stored the security token in the session. {"key":"_security_main"} []
[2018-01-24 02:35:47] request.INFO: Matched route "admin_module_configure_action". {"route_parameters":{"_controller":"PrestaShopBundle\\Controller\\Admin\\ModuleController::configureModuleAction","_legacy_controller":"AdminModules","module_name":"jmsslider","_route":"admin_module_configure_action"},"request_uri":"http://localhost/jms_fluent/admin367i0kovu/index.php/module/manage/action/configure/jmsslider?_token=cTr862YJQVgXgRITrrFlynfUhP6dTBeOU3QuzFKJEBc"} []
[2018-01-24 02:35:47] security.DEBUG: Read existing security token from the session. {"key":"_security_main"} []
[2018-01-24 02:35:47] security.DEBUG: User was reloaded from a user provider. {"username":"admin@admin.com","provider":"PrestaShopBundle\\Security\\Admin\\EmployeeProvider"} []
[2018-01-24 02:35:52] app.ERROR: Data from PrestaShop Addons is invalid, and cannot fallback on cache.  {"exception":"cURL error 28: Operation timed out after 5008 milliseconds with 192824 bytes received"} []
[2018-01-24 02:35:52] security.DEBUG: Stored the security token in the session. {"key":"_security_main"} []
[2018-01-24 02:49:55] request.INFO: Matched route "admin_module_catalog". {"route_parameters":{"_controller":"PrestaShopBundle\\Controller\\Admin\\ModuleController::catalogAction","_legacy_controller":"AdminModules","_route":"admin_module_catalog"},"request_uri":"http://localhost/jms_fluent/admin367i0kovu/index.php/module/catalog?_token=cTr862YJQVgXgRITrrFlynfUhP6dTBeOU3QuzFKJEBc"} []
[2018-01-24 02:49:55] security.DEBUG: Read existing security token from the session. {"key":"_security_main"} []
[2018-01-24 02:49:55] security.DEBUG: User was reloaded from a user provider. {"username":"admin@admin.com","provider":"PrestaShopBundle\\Security\\Admin\\EmployeeProvider"} []
[2018-01-24 02:50:01] app.ERROR: Data from PrestaShop Addons is invalid, and cannot fallback on cache.  {"exception":"cURL error 28: Operation timed out after 5008 milliseconds with 127377 bytes received"} []
[2018-01-24 02:50:02] security.DEBUG: Stored the security token in the session. {"key":"_security_main"} []
[2018-01-24 02:50:04] request.INFO: Matched route "admin_module_catalog_refresh". {"route_parameters":{"category":null,"keyword":null,"_controller":"PrestaShopBundle\\Controller\\Admin\\ModuleController::refreshCatalogAction","_legacy_controller":"AdminModules","_route":"admin_module_catalog_refresh"},"request_uri":"http://localhost/jms_fluent/admin367i0kovu/index.php/module/catalog/refresh?_token=cTr862YJQVgXgRITrrFlynfUhP6dTBeOU3QuzFKJEBc"} []
[2018-01-24 02:50:04] security.DEBUG: Read existing security token from the session. {"key":"_security_main"} []
[2018-01-24 02:50:04] security.DEBUG: User was reloaded from a user provider. {"username":"admin@admin.com","provider":"PrestaShopBundle\\Security\\Admin\\EmployeeProvider"} []
[2018-01-24 02:50:09] app.ERROR: Data from PrestaShop Addons is invalid, and cannot fallback on cache.  {"exception":"cURL error 28: Operation timed out after 5008 milliseconds with 177968 bytes received"} []
[2018-01-24 02:50:11] security.DEBUG: Stored the security token in the session. {"key":"_security_main"} []
[2018-01-24 02:50:06] request.INFO: Matched route "admin_module_manage". {"route_parameters":{"category":null,"keyword":null,"_controller":"PrestaShopBundle\\Controller\\Admin\\ModuleController::manageAction","_legacy_controller":"AdminModules","_route":"admin_module_manage"},"request_uri":"http://localhost/jms_fluent/admin367i0kovu/index.php/module/manage?_token=cTr862YJQVgXgRITrrFlynfUhP6dTBeOU3QuzFKJEBc"} []
[2018-01-24 02:50:11] security.DEBUG: Read existing security token from the session. {"key":"_security_main"} []
[2018-01-24 02:50:11] security.DEBUG: User was reloaded from a user provider. {"username":"admin@admin.com","provider":"PrestaShopBundle\\Security\\Admin\\EmployeeProvider"} []
[2018-01-24 02:50:16] app.ERROR: Data from PrestaShop Addons is invalid, and cannot fallback on cache.  {"exception":"cURL error 28: Operation timed out after 5007 milliseconds with 145200 bytes received"} []
[2018-01-24 02:50:17] security.DEBUG: Stored the security token in the session. {"key":"_security_main"} []
[2018-01-30 04:10:23] request.INFO: Matched route "admin_module_catalog". {"route_parameters":{"_controller":"PrestaShopBundle\\Controller\\Admin\\ModuleController::catalogAction","_legacy_controller":"AdminModules","_route":"admin_module_catalog"},"request_uri":"http://localhost/jms_fluent/admin367i0kovu/index.php/module/catalog?_token=DPdXbpAsEo9DJaNyQhh3iq3dHM-CbSufVFL85a6XRIQ"} []
[2018-01-30 04:10:23] security.DEBUG: Read existing security token from the session. {"key":"_security_main"} []
[2018-01-30 04:10:23] security.DEBUG: User was reloaded from a user provider. {"username":"admin@admin.com","provider":"PrestaShopBundle\\Security\\Admin\\EmployeeProvider"} []
[2018-01-30 04:10:28] app.ERROR: Data from PrestaShop Addons is invalid, and cannot fallback on cache.  {"exception":"cURL error 28: Operation timed out after 5008 milliseconds with 0 bytes received"} []
[2018-01-30 04:10:29] security.DEBUG: Stored the security token in the session. {"key":"_security_main"} []
[2018-01-30 04:10:30] request.INFO: Matched route "admin_module_catalog_refresh". {"route_parameters":{"category":null,"keyword":null,"_controller":"PrestaShopBundle\\Controller\\Admin\\ModuleController::refreshCatalogAction","_legacy_controller":"AdminModules","_route":"admin_module_catalog_refresh"},"request_uri":"http://localhost/jms_fluent/admin367i0kovu/index.php/module/catalog/refresh?_token=DPdXbpAsEo9DJaNyQhh3iq3dHM-CbSufVFL85a6XRIQ"} []
[2018-01-30 04:10:30] security.DEBUG: Read existing security token from the session. {"key":"_security_main"} []
[2018-01-30 04:10:30] security.DEBUG: User was reloaded from a user provider. {"username":"admin@admin.com","provider":"PrestaShopBundle\\Security\\Admin\\EmployeeProvider"} []
[2018-01-30 04:10:36] app.ERROR: Data from PrestaShop Addons is invalid, and cannot fallback on cache.  {"exception":"cURL error 28: Operation timed out after 5008 milliseconds with 15585 bytes received"} []
[2018-01-30 04:10:38] security.DEBUG: Stored the security token in the session. {"key":"_security_main"} []
[2018-01-31 03:30:34] request.INFO: Matched route "admin_module_manage". {"route_parameters":{"category":null,"keyword":null,"_controller":"PrestaShopBundle\\Controller\\Admin\\ModuleController::manageAction","_legacy_controller":"AdminModules","_route":"admin_module_manage"},"request_uri":"http://localhost/jms_fluent/admin367i0kovu/index.php/module/manage?_token=ZCmh2YnxPffuGZt_sc63mfui3m9jRK7djJw3QSDb1pM"} []
[2018-01-31 03:31:01] security.DEBUG: Read existing security token from the session. {"key":"_security_main"} []
[2018-01-31 03:31:01] security.DEBUG: User was reloaded from a user provider. {"username":"admin@admin.com","provider":"PrestaShopBundle\\Security\\Admin\\EmployeeProvider"} []
[2018-01-31 03:31:03] request.CRITICAL: Uncaught PHP Exception Symfony\Component\Debug\Exception\FatalErrorException: "Error: Maximum execution time of 30 seconds exceeded" at D:\xampp\htdocs\jms_fluent\app\cache\prod\twig\74\741c33deebb9224d15983b5643c8f240ce9d20f92cfc36cdffd85c52ac072a08.php line 4 {"exception":"[object] (Symfony\\Component\\Debug\\Exception\\FatalErrorException(code: 0): Error: Maximum execution time of 30 seconds exceeded at D:\\xampp\\htdocs\\jms_fluent\\app\\cache\\prod\\twig\\74\\741c33deebb9224d15983b5643c8f240ce9d20f92cfc36cdffd85c52ac072a08.php:4)"} []
[2018-01-31 03:31:03] security.DEBUG: Stored the security token in the session. {"key":"_security_main"} []
[2018-02-02 02:44:11] request.INFO: Matched route "admin_product_catalog". {"route_parameters":{"_controller":"PrestaShopBundle\\Controller\\Admin\\ProductController::catalogAction","_legacy_controller":"AdminProducts","limit":"last","offset":0,"orderBy":"last","sortOrder":"desc","_route":"admin_product_catalog"},"request_uri":"http://localhost/jms_fluent/admin367i0kovu/index.php/product/catalog?_token=uWljCbDYoszThmNs6BIs6TB4LnF3mWIa0kpC_hn0WhA"} []
[2018-02-02 02:44:11] security.INFO: Populated the TokenStorage with an anonymous Token. [] []
[2018-02-02 02:44:14] app.INFO: Product catalog filters stored. [] []
[2018-02-02 02:44:42] request.CRITICAL: Uncaught PHP Exception Symfony\Component\Debug\Exception\FatalErrorException: "Error: Maximum execution time of 30 seconds exceeded" at D:\xampp\htdocs\jms_fluent\classes\Tools.php line 1926 {"exception":"[object] (Symfony\\Component\\Debug\\Exception\\FatalErrorException(code: 0): Error: Maximum execution time of 30 seconds exceeded at D:\\xampp\\htdocs\\jms_fluent\\classes\\Tools.php:1926)"} []
[2018-02-02 02:44:42] security.DEBUG: Stored the security token in the session. {"key":"_security_main"} []
[2018-02-02 02:45:32] request.INFO: Matched route "admin_product_form". {"route_parameters":{"_controller":"PrestaShopBundle\\Controller\\Admin\\ProductController::formAction","_legacy_controller":"AdminProducts","_legacy_param_mapper_class":"PrestaShop\\PrestaShop\\Adapter\\Product\\AdminProductDataProvider","_legacy_param_mapper_method":"mapLegacyParametersProductForm","id":"16","_route":"admin_product_form"},"request_uri":"http://localhost/jms_fluent/admin367i0kovu/index.php/product/form/16?_token=uWljCbDYoszThmNs6BIs6TB4LnF3mWIa0kpC_hn0WhA"} []
[2018-02-02 02:45:32] security.DEBUG: Read existing security token from the session. {"key":"_security_main"} []
[2018-02-02 02:45:32] security.DEBUG: User was reloaded from a user provider. {"username":"admin@admin.com","provider":"PrestaShopBundle\\Security\\Admin\\EmployeeProvider"} []
[2018-02-02 02:45:39] app.ERROR: Data from PrestaShop Addons is invalid, and cannot fallback on cache.  {"exception":"cURL error 28: Operation timed out after 5007 milliseconds with 128825 bytes received"} []
[2018-02-02 02:45:39] security.DEBUG: Stored the security token in the session. {"key":"_security_main"} []
[2018-02-02 02:46:28] request.INFO: Matched route "admin_product_form". {"route_parameters":{"_controller":"PrestaShopBundle\\Controller\\Admin\\ProductController::formAction","_legacy_controller":"AdminProducts","_legacy_param_mapper_class":"PrestaShop\\PrestaShop\\Adapter\\Product\\AdminProductDataProvider","_legacy_param_mapper_method":"mapLegacyParametersProductForm","id":"17","_route":"admin_product_form"},"request_uri":"http://localhost/jms_fluent/admin367i0kovu/index.php/product/form/17?_token=uWljCbDYoszThmNs6BIs6TB4LnF3mWIa0kpC_hn0WhA"} []
[2018-02-02 02:46:28] security.DEBUG: Read existing security token from the session. {"key":"_security_main"} []
[2018-02-02 02:46:28] security.DEBUG: User was reloaded from a user provider. {"username":"admin@admin.com","provider":"PrestaShopBundle\\Security\\Admin\\EmployeeProvider"} []
[2018-02-02 02:46:35] app.ERROR: Data from PrestaShop Addons is invalid, and cannot fallback on cache.  {"exception":"cURL error 28: Operation timed out after 5007 milliseconds with 255393 bytes received"} []
[2018-02-02 02:46:35] security.DEBUG: Stored the security token in the session. {"key":"_security_main"} []
[2018-02-02 03:05:54] request.INFO: Matched route "admin_product_form". {"route_parameters":{"_controller":"PrestaShopBundle\\Controller\\Admin\\ProductController::formAction","_legacy_controller":"AdminProducts","_legacy_param_mapper_class":"PrestaShop\\PrestaShop\\Adapter\\Product\\AdminProductDataProvider","_legacy_param_mapper_method":"mapLegacyParametersProductForm","id":"17","_route":"admin_product_form"},"request_uri":"http://localhost/jms_fluent/admin367i0kovu/index.php/product/form/17?_token=uWljCbDYoszThmNs6BIs6TB4LnF3mWIa0kpC_hn0WhA"} []
[2018-02-02 03:05:54] security.DEBUG: Read existing security token from the session. {"key":"_security_main"} []
[2018-02-02 03:05:54] security.DEBUG: User was reloaded from a user provider. {"username":"admin@admin.com","provider":"PrestaShopBundle\\Security\\Admin\\EmployeeProvider"} []
[2018-02-02 03:06:01] app.ERROR: Data from PrestaShop Addons is invalid, and cannot fallback on cache.  {"exception":"cURL error 28: Operation timed out after 5007 milliseconds with 128825 bytes received"} []
[2018-02-02 03:06:01] security.DEBUG: Stored the security token in the session. {"key":"_security_main"} []
[2018-02-02 03:13:46] request.INFO: Matched route "admin_product_form". {"route_parameters":{"_controller":"PrestaShopBundle\\Controller\\Admin\\ProductController::formAction","_legacy_controller":"AdminProducts","_legacy_param_mapper_class":"PrestaShop\\PrestaShop\\Adapter\\Product\\AdminProductDataProvider","_legacy_param_mapper_method":"mapLegacyParametersProductForm","id":"15","_route":"admin_product_form"},"request_uri":"http://localhost/jms_fluent/admin367i0kovu/index.php/product/form/15?_token=uWljCbDYoszThmNs6BIs6TB4LnF3mWIa0kpC_hn0WhA"} []
[2018-02-02 03:13:46] security.DEBUG: Read existing security token from the session. {"key":"_security_main"} []
[2018-02-02 03:13:46] security.DEBUG: User was reloaded from a user provider. {"username":"admin@admin.com","provider":"PrestaShopBundle\\Security\\Admin\\EmployeeProvider"} []
[2018-02-02 03:13:52] app.ERROR: Data from PrestaShop Addons is invalid, and cannot fallback on cache.  {"exception":"cURL error 28: Operation timed out after 5008 milliseconds with 189928 bytes received"} []
[2018-02-02 03:13:52] security.DEBUG: Stored the security token in the session. {"key":"_security_main"} []
[2018-02-02 03:14:54] request.INFO: Matched route "admin_product_form". {"route_parameters":{"_controller":"PrestaShopBundle\\Controller\\Admin\\ProductController::formAction","_legacy_controller":"AdminProducts","_legacy_param_mapper_class":"PrestaShop\\PrestaShop\\Adapter\\Product\\AdminProductDataProvider","_legacy_param_mapper_method":"mapLegacyParametersProductForm","id":"18","_route":"admin_product_form"},"request_uri":"http://localhost/jms_fluent/admin367i0kovu/index.php/product/form/18?_token=uWljCbDYoszThmNs6BIs6TB4LnF3mWIa0kpC_hn0WhA"} []
[2018-02-02 03:14:54] security.DEBUG: Read existing security token from the session. {"key":"_security_main"} []
[2018-02-02 03:14:54] security.DEBUG: User was reloaded from a user provider. {"username":"admin@admin.com","provider":"PrestaShopBundle\\Security\\Admin\\EmployeeProvider"} []
[2018-02-02 03:15:00] app.ERROR: Data from PrestaShop Addons is invalid, and cannot fallback on cache.  {"exception":"cURL error 28: Operation timed out after 5008 milliseconds with 179416 bytes received"} []
[2018-02-02 03:15:00] security.DEBUG: Stored the security token in the session. {"key":"_security_main"} []
[2018-02-02 03:16:09] request.INFO: Matched route "admin_product_form". {"route_parameters":{"_controller":"PrestaShopBundle\\Controller\\Admin\\ProductController::formAction","_legacy_controller":"AdminProducts","_legacy_param_mapper_class":"PrestaShop\\PrestaShop\\Adapter\\Product\\AdminProductDataProvider","_legacy_param_mapper_method":"mapLegacyParametersProductForm","id":"19","_route":"admin_product_form"},"request_uri":"http://localhost/jms_fluent/admin367i0kovu/index.php/product/form/19?_token=uWljCbDYoszThmNs6BIs6TB4LnF3mWIa0kpC_hn0WhA"} []
[2018-02-02 03:16:10] security.DEBUG: Read existing security token from the session. {"key":"_security_main"} []
[2018-02-02 03:16:10] security.DEBUG: User was reloaded from a user provider. {"username":"admin@admin.com","provider":"PrestaShopBundle\\Security\\Admin\\EmployeeProvider"} []
[2018-02-02 03:16:16] app.ERROR: Data from PrestaShop Addons is invalid, and cannot fallback on cache.  {"exception":"cURL error 28: Operation timed out after 5007 milliseconds with 124481 bytes received"} []
[2018-02-02 03:16:16] security.DEBUG: Stored the security token in the session. {"key":"_security_main"} []
[2018-02-02 03:16:12] request.INFO: Matched route "admin_product_form". {"route_parameters":{"_controller":"PrestaShopBundle\\Controller\\Admin\\ProductController::formAction","_legacy_controller":"AdminProducts","_legacy_param_mapper_class":"PrestaShop\\PrestaShop\\Adapter\\Product\\AdminProductDataProvider","_legacy_param_mapper_method":"mapLegacyParametersProductForm","id":"18","_route":"admin_product_form"},"request_uri":"http://localhost/jms_fluent/admin367i0kovu/index.php/product/form/18?_token=uWljCbDYoszThmNs6BIs6TB4LnF3mWIa0kpC_hn0WhA"} []
[2018-02-02 03:16:16] security.DEBUG: Read existing security token from the session. {"key":"_security_main"} []
[2018-02-02 03:16:16] security.DEBUG: User was reloaded from a user provider. {"username":"admin@admin.com","provider":"PrestaShopBundle\\Security\\Admin\\EmployeeProvider"} []
[2018-02-02 03:16:22] app.ERROR: Data from PrestaShop Addons is invalid, and cannot fallback on cache.  {"exception":"cURL error 28: Operation timed out after 5008 milliseconds with 177968 bytes received"} []
[2018-02-02 03:16:22] security.DEBUG: Stored the security token in the session. {"key":"_security_main"} []
[2018-02-02 03:16:54] request.INFO: Matched route "admin_product_form". {"route_parameters":{"_controller":"PrestaShopBundle\\Controller\\Admin\\ProductController::formAction","_legacy_controller":"AdminProducts","_legacy_param_mapper_class":"PrestaShop\\PrestaShop\\Adapter\\Product\\AdminProductDataProvider","_legacy_param_mapper_method":"mapLegacyParametersProductForm","id":"20","_route":"admin_product_form"},"request_uri":"http://localhost/jms_fluent/admin367i0kovu/index.php/product/form/20?_token=uWljCbDYoszThmNs6BIs6TB4LnF3mWIa0kpC_hn0WhA"} []
[2018-02-02 03:16:54] security.DEBUG: Read existing security token from the session. {"key":"_security_main"} []
[2018-02-02 03:16:54] security.DEBUG: User was reloaded from a user provider. {"username":"admin@admin.com","provider":"PrestaShopBundle\\Security\\Admin\\EmployeeProvider"} []
[2018-02-02 03:17:00] app.ERROR: Data from PrestaShop Addons is invalid, and cannot fallback on cache.  {"exception":"cURL error 28: Operation timed out after 5008 milliseconds with 224144 bytes received"} []
[2018-02-02 03:17:00] security.DEBUG: Stored the security token in the session. {"key":"_security_main"} []
[2018-02-02 03:17:12] request.INFO: Matched route "admin_product_form". {"route_parameters":{"_controller":"PrestaShopBundle\\Controller\\Admin\\ProductController::formAction","_legacy_controller":"AdminProducts","_legacy_param_mapper_class":"PrestaShop\\PrestaShop\\Adapter\\Product\\AdminProductDataProvider","_legacy_param_mapper_method":"mapLegacyParametersProductForm","id":"21","_route":"admin_product_form"},"request_uri":"http://localhost/jms_fluent/admin367i0kovu/index.php/product/form/21?_token=uWljCbDYoszThmNs6BIs6TB4LnF3mWIa0kpC_hn0WhA"} []
[2018-02-02 03:17:12] security.DEBUG: Read existing security token from the session. {"key":"_security_main"} []
[2018-02-02 03:17:12] security.DEBUG: User was reloaded from a user provider. {"username":"admin@admin.com","provider":"PrestaShopBundle\\Security\\Admin\\EmployeeProvider"} []
[2018-02-02 03:17:18] app.ERROR: Data from PrestaShop Addons is invalid, and cannot fallback on cache.  {"exception":"cURL error 28: Operation timed out after 5007 milliseconds with 191376 bytes received"} []
[2018-02-02 03:17:18] security.DEBUG: Stored the security token in the session. {"key":"_security_main"} []
[2018-02-02 03:17:53] request.INFO: Matched route "admin_product_form". {"route_parameters":{"_controller":"PrestaShopBundle\\Controller\\Admin\\ProductController::formAction","_legacy_controller":"AdminProducts","_legacy_param_mapper_class":"PrestaShop\\PrestaShop\\Adapter\\Product\\AdminProductDataProvider","_legacy_param_mapper_method":"mapLegacyParametersProductForm","id":"18","_route":"admin_product_form"},"request_uri":"http://localhost/jms_fluent/admin367i0kovu/index.php/product/form/18?_token=uWljCbDYoszThmNs6BIs6TB4LnF3mWIa0kpC_hn0WhA"} []
[2018-02-02 03:17:53] security.DEBUG: Read existing security token from the session. {"key":"_security_main"} []
[2018-02-02 03:17:53] security.DEBUG: User was reloaded from a user provider. {"username":"admin@admin.com","provider":"PrestaShopBundle\\Security\\Admin\\EmployeeProvider"} []
[2018-02-02 03:17:59] app.ERROR: Data from PrestaShop Addons is invalid, and cannot fallback on cache.  {"exception":"cURL error 28: Operation timed out after 5008 milliseconds with 241976 bytes received"} []
[2018-02-02 03:17:59] security.DEBUG: Stored the security token in the session. {"key":"_security_main"} []
[2018-02-02 03:20:32] request.INFO: Matched route "admin_product_form". {"route_parameters":{"_controller":"PrestaShopBundle\\Controller\\Admin\\ProductController::formAction","_legacy_controller":"AdminProducts","_legacy_param_mapper_class":"PrestaShop\\PrestaShop\\Adapter\\Product\\AdminProductDataProvider","_legacy_param_mapper_method":"mapLegacyParametersProductForm","id":"19","_route":"admin_product_form"},"request_uri":"http://localhost/jms_fluent/admin367i0kovu/index.php/product/form/19?_token=uWljCbDYoszThmNs6BIs6TB4LnF3mWIa0kpC_hn0WhA"} []
[2018-02-02 03:20:32] security.DEBUG: Read existing security token from the session. {"key":"_security_main"} []
[2018-02-02 03:20:32] security.DEBUG: User was reloaded from a user provider. {"username":"admin@admin.com","provider":"PrestaShopBundle\\Security\\Admin\\EmployeeProvider"} []
[2018-02-02 03:20:38] app.ERROR: Data from PrestaShop Addons is invalid, and cannot fallback on cache.  {"exception":"cURL error 28: Operation timed out after 5008 milliseconds with 116865 bytes received"} []
[2018-02-02 03:20:38] security.DEBUG: Stored the security token in the session. {"key":"_security_main"} []
[2018-02-02 03:21:27] request.INFO: Matched route "admin_product_form". {"route_parameters":{"_controller":"PrestaShopBundle\\Controller\\Admin\\ProductController::formAction","_legacy_controller":"AdminProducts","_legacy_param_mapper_class":"PrestaShop\\PrestaShop\\Adapter\\Product\\AdminProductDataProvider","_legacy_param_mapper_method":"mapLegacyParametersProductForm","id":"20","_route":"admin_product_form"},"request_uri":"http://localhost/jms_fluent/admin367i0kovu/index.php/product/form/20?_token=uWljCbDYoszThmNs6BIs6TB4LnF3mWIa0kpC_hn0WhA"} []
[2018-02-02 03:21:27] security.DEBUG: Read existing security token from the session. {"key":"_security_main"} []
[2018-02-02 03:21:27] security.DEBUG: User was reloaded from a user provider. {"username":"admin@admin.com","provider":"PrestaShopBundle\\Security\\Admin\\EmployeeProvider"} []
[2018-02-02 03:21:33] app.ERROR: Data from PrestaShop Addons is invalid, and cannot fallback on cache.  {"exception":"cURL error 28: Operation timed out after 5007 milliseconds with 241976 bytes received"} []
[2018-02-02 03:21:33] security.DEBUG: Stored the security token in the session. {"key":"_security_main"} []
[2018-02-02 03:26:54] request.INFO: Matched route "admin_product_form". {"route_parameters":{"_controller":"PrestaShopBundle\\Controller\\Admin\\ProductController::formAction","_legacy_controller":"AdminProducts","_legacy_param_mapper_class":"PrestaShop\\PrestaShop\\Adapter\\Product\\AdminProductDataProvider","_legacy_param_mapper_method":"mapLegacyParametersProductForm","id":"16","_route":"admin_product_form"},"request_uri":"http://localhost/jms_fluent/admin367i0kovu/index.php/product/form/16?_token=uWljCbDYoszThmNs6BIs6TB4LnF3mWIa0kpC_hn0WhA"} []
[2018-02-02 03:26:54] security.DEBUG: Read existing security token from the session. {"key":"_security_main"} []
[2018-02-02 03:26:54] security.DEBUG: User was reloaded from a user provider. {"username":"admin@admin.com","provider":"PrestaShopBundle\\Security\\Admin\\EmployeeProvider"} []
[2018-02-02 03:27:00] app.ERROR: Data from PrestaShop Addons is invalid, and cannot fallback on cache.  {"exception":"cURL error 28: Operation timed out after 5007 milliseconds with 161584 bytes received"} []
[2018-02-02 03:27:00] security.DEBUG: Stored the security token in the session. {"key":"_security_main"} []
[2018-02-02 03:29:20] request.INFO: Matched route "admin_product_form". {"route_parameters":{"_controller":"PrestaShopBundle\\Controller\\Admin\\ProductController::formAction","_legacy_controller":"AdminProducts","_legacy_param_mapper_class":"PrestaShop\\PrestaShop\\Adapter\\Product\\AdminProductDataProvider","_legacy_param_mapper_method":"mapLegacyParametersProductForm","id":"17","_route":"admin_product_form"},"request_uri":"http://localhost/jms_fluent/admin367i0kovu/index.php/product/form/17?_token=uWljCbDYoszThmNs6BIs6TB4LnF3mWIa0kpC_hn0WhA"} []
[2018-02-02 03:29:20] security.DEBUG: Read existing security token from the session. {"key":"_security_main"} []
[2018-02-02 03:29:20] security.DEBUG: User was reloaded from a user provider. {"username":"admin@admin.com","provider":"PrestaShopBundle\\Security\\Admin\\EmployeeProvider"} []
[2018-02-02 03:29:26] app.ERROR: Data from PrestaShop Addons is invalid, and cannot fallback on cache.  {"exception":"cURL error 28: Operation timed out after 5007 milliseconds with 116865 bytes received"} []
[2018-02-02 03:29:26] security.DEBUG: Stored the security token in the session. {"key":"_security_main"} []
[2018-02-02 03:53:36] request.INFO: Matched route "admin_product_form". {"route_parameters":{"_controller":"PrestaShopBundle\\Controller\\Admin\\ProductController::formAction","_legacy_controller":"AdminProducts","_legacy_param_mapper_class":"PrestaShop\\PrestaShop\\Adapter\\Product\\AdminProductDataProvider","_legacy_param_mapper_method":"mapLegacyParametersProductForm","id":"16","_route":"admin_product_form"},"request_uri":"http://localhost/jms_fluent/admin367i0kovu/index.php/product/form/16?_token=uWljCbDYoszThmNs6BIs6TB4LnF3mWIa0kpC_hn0WhA"} []
[2018-02-02 03:53:36] security.DEBUG: Read existing security token from the session. {"key":"_security_main"} []
[2018-02-02 03:53:36] security.DEBUG: User was reloaded from a user provider. {"username":"admin@admin.com","provider":"PrestaShopBundle\\Security\\Admin\\EmployeeProvider"} []
[2018-02-02 03:53:42] app.ERROR: Data from PrestaShop Addons is invalid, and cannot fallback on cache.  {"exception":"cURL error 28: Operation timed out after 5007 milliseconds with 64817 bytes received"} []
[2018-02-02 03:53:42] security.DEBUG: Stored the security token in the session. {"key":"_security_main"} []
